/home/ICer/work/trunk/JISUAN/rtl/ab_cpy.v
/home/ICer/work/trunk/JISUAN/rtl/blk2s_calc_all.v
/home/ICer/work/trunk/JISUAN/rtl/blk2s_calc.v
/home/ICer/work/trunk/JISUAN/rtl/blk2s_ctrl.v
/home/ICer/work/trunk/JISUAN/rtl/blk2s_post.v
/home/ICer/work/trunk/JISUAN/rtl/blk2s_pre.v
/home/ICer/work/trunk/JISUAN/rtl/blk2s.v
/home/ICer/work/trunk/JISUAN/rtl/dblmix_calc.v
/home/ICer/work/trunk/JISUAN/rtl/dblmix_ctrl.v
/home/ICer/work/trunk/JISUAN/rtl/dblmix.v
/home/ICer/work/trunk/JISUAN/rtl/g.v
/home/ICer/work/trunk/JISUAN/rtl/h_calc.v
/home/ICer/work/trunk/JISUAN/rtl/jisuan_chasha.v
/home/ICer/work/trunk/JISUAN/rtl/jisuan.v
/home/ICer/work/trunk/JISUAN/rtl/js_fst_kdf.v
/home/ICer/work/trunk/JISUAN/rtl/js_xor.v
/home/ICer/work/trunk/JISUAN/rtl/out_calc.v
/home/ICer/work/trunk/JISUAN/rtl/quarter_cha.v
/home/ICer/work/trunk/JISUAN/rtl/quarter_sha.v
/home/ICer/work/trunk/JISUAN/rtl/round.v
/home/ICer/work/trunk/JISUAN/rtl/ultra_sram.v
